Using pre-set license
Built from '2020.3/staging' branch; Version is '2020.3.0f1 (c7b5465681fb) revision 13088070'; Using compiler version '192528614'; Build Type 'Release'
OS: 'Windows 10 Pro; OS build 19044.2006; Version 2009; 64bit' Language: 'ja' Physical Memory: 16187 MB
BatchMode: 1, IsHumanControllingUs: 0, StartBugReporterOnCrash: 0, Is64bit: 1, IsPro: 0

 COMMAND LINE ARGUMENTS:
C:\Program Files\Unity\Hub\Editor\2020.3.0f1\Editor\Unity.exe
-adb2
-batchMode
-noUpm
-name
AssetImportWorker0
-projectPath
C:/Users/student/Desktop/Unity_AG/BloodSeizure
-logFile
Logs/AssetImportWorker0.log
-srvPort
63668
Successfully changed project path to: C:/Users/student/Desktop/Unity_AG/BloodSeizure
C:/Users/student/Desktop/Unity_AG/BloodSeizure
Using Asset Import Pipeline V2.
Refreshing native plugins compatible for Editor in 25.10 ms, found 0 plugins.
Preloading 0 native plugins for Editor in 0.00 ms.
Initialize engine version: 2020.3.0f1 (c7b5465681fb)
[Subsystems] Discovering subsystems at path C:/Program Files/Unity/Hub/Editor/2020.3.0f1/Editor/Data/Resources/UnitySubsystems
[Subsystems] Discovering subsystems at path C:/Users/student/Desktop/Unity_AG/BloodSeizure/Assets
GfxDevice: creating device client; threaded=0
Direct3D:
    Version:  Direct3D 11.0 [level 11.1]
    Renderer: NVIDIA GeForce RTX 2070 (ID=0x1f10)
    Vendor:   
    VRAM:     8031 MB
    Driver:   30.0.15.1165
Initialize mono
Mono path[0] = 'C:/Program Files/Unity/Hub/Editor/2020.3.0f1/Editor/Data/Managed'
Mono path[1] = 'C:/Program Files/Unity/Hub/Editor/2020.3.0f1/Editor/Data/MonoBleedingEdge/lib/mono/unityjit'
Mono config path = 'C:/Program Files/Unity/Hub/Editor/2020.3.0f1/Editor/Data/MonoBleedingEdge/etc'
Using monoOptions --debugger-agent=transport=dt_socket,embedding=1,server=y,suspend=n,address=127.0.0.1:56100
Begin MonoManager ReloadAssembly
Registering precompiled unity dll's ...
Register platform support module: C:/Program Files/Unity/Hub/Editor/2020.3.0f1/Editor/Data/PlaybackEngines/WebGLSupport/UnityEditor.WebGL.Extensions.dll
Register platform support module: C:/Program Files/Unity/Hub/Editor/2020.3.0f1/Editor/Data/PlaybackEngines/MacStandaloneSupport/UnityEditor.OSXStandalone.Extensions.dll
Register platform support module: C:/Program Files/Unity/Hub/Editor/2020.3.0f1/Editor/Data/PlaybackEngines/WindowsStandaloneSupport/UnityEditor.WindowsStandalone.Extensions.dll
Registered in 0.002721 seconds.
Native extension for WindowsStandalone target not found
Native extension for OSXStandalone target not found
Native extension for WebGL target not found
Refreshing native plugins compatible for Editor in 28.33 ms, found 0 plugins.
Preloading 0 native plugins for Editor in 0.00 ms.
Invoked RoslynAnalysisRunner static constructor.
RoslynAnalysisRunner will not be running.
RoslynAnalysisRunner has terminated.
Mono: successfully reloaded assembly
- Completed reload, in  1.644 seconds
Platform modules already initialized, skipping
Registering precompiled user dll's ...
Registered in 0.000647 seconds.
Begin MonoManager ReloadAssembly
Native extension for WindowsStandalone target not found
Native extension for OSXStandalone target not found
Native extension for WebGL target not found
Refreshing native plugins compatible for Editor in 0.25 ms, found 0 plugins.
Preloading 0 native plugins for Editor in 0.00 ms.
Invoked RoslynAnalysisRunner static constructor.
RoslynAnalysisRunner will not be running.
RoslynAnalysisRunner has terminated.
Mono: successfully reloaded assembly
- Completed reload, in  0.725 seconds
Platform modules already initialized, skipping
========================================================================
Worker process is ready to serve import requests
Launched and connected shader compiler UnityShaderCompiler.exe after 0.04 seconds
Refreshing native plugins compatible for Editor in 0.25 ms, found 0 plugins.
Preloading 0 native plugins for Editor in 0.00 ms.
Unloading 1139 Unused Serialized files (Serialized files now loaded: 0)
System memory in use before: 65.8 MB.
System memory in use after: 65.9 MB.

Unloading 10 unused Assets to reduce memory usage. Loaded Objects now: 1587.
Total: 1.402300 ms (FindLiveObjects: 0.132900 ms CreateObjectMapping: 0.039300 ms MarkObjects: 1.154900 ms  DeleteObjects: 0.074300 ms)

========================================================================
Received Import Request.
  path: Assets/FourEvilDragonsHP/Mesh/DragonUsurperMesh.fbx
  artifactKey: Guid(79b50b34e44b5fd4db1cdc9535a3c86b) Importer(815301076,1909f56bfc062723c751e8b465ee728b)
Start importing Assets/FourEvilDragonsHP/Mesh/DragonUsurperMesh.fbx using Guid(79b50b34e44b5fd4db1cdc9535a3c86b) Importer(815301076,1909f56bfc062723c751e8b465ee728b)  -> (artifact id: '7ad4148e486980caaf937e5f36e925de') in 0.155332 seconds
  Import took 0.157382 seconds .

========================================================================
Received Import Request.
  Time since last request: 0.000241 seconds.
  path: Assets/FourEvilDragonsHP/Mesh/DragonTheNightmareMesh.fbx
  artifactKey: Guid(2f4e6492f506bbb4a8aeba850e3bb52f) Importer(815301076,1909f56bfc062723c751e8b465ee728b)
Start importing Assets/FourEvilDragonsHP/Mesh/DragonTheNightmareMesh.fbx using Guid(2f4e6492f506bbb4a8aeba850e3bb52f) Importer(815301076,1909f56bfc062723c751e8b465ee728b)  -> (artifact id: 'de8288cddd1b36b65b1eb60f041bb341') in 0.019466 seconds
  Import took 0.021264 seconds .

========================================================================
Received Import Request.
  Time since last request: 0.000227 seconds.
  path: Assets/FourEvilDragonsHP/Mesh
  artifactKey: Guid(0553ea6024bba774baf76bde78e887fa) Importer(815301076,1909f56bfc062723c751e8b465ee728b)
Start importing Assets/FourEvilDragonsHP/Mesh using Guid(0553ea6024bba774baf76bde78e887fa) Importer(815301076,1909f56bfc062723c751e8b465ee728b)  -> (artifact id: 'd9e7fc18a3cb7a29803c725def70aaf2') in 0.001788 seconds
  Import took 0.003390 seconds .

========================================================================
Received Import Request.
  Time since last request: 0.000327 seconds.
  path: Assets/FourEvilDragonsHP/Mesh/DragonSoulEaterMesh.fbx
  artifactKey: Guid(063e65bf9ea59ea44bb459f4b7490fd3) Importer(815301076,1909f56bfc062723c751e8b465ee728b)
Start importing Assets/FourEvilDragonsHP/Mesh/DragonSoulEaterMesh.fbx using Guid(063e65bf9ea59ea44bb459f4b7490fd3) Importer(815301076,1909f56bfc062723c751e8b465ee728b)  -> (artifact id: '58b31cdf6a32577cdf81ee6fef56f41b') in 0.018353 seconds
  Import took 0.020653 seconds .

========================================================================
Received Import Request.
  Time since last request: 0.000188 seconds.
  path: Assets/FourEvilDragonsHP/Mesh/Stage.fbx
  artifactKey: Guid(2897399b8106c274f9e41904f19945b0) Importer(815301076,1909f56bfc062723c751e8b465ee728b)
Start importing Assets/FourEvilDragonsHP/Mesh/Stage.fbx using Guid(2897399b8106c274f9e41904f19945b0) Importer(815301076,1909f56bfc062723c751e8b465ee728b)  -> (artifact id: 'af16ccf64253c445c66881c59d8859d6') in 0.013296 seconds
  Import took 0.015171 seconds .

========================================================================
Received Import Request.
  Time since last request: 0.000166 seconds.
  path: Assets/FourEvilDragonsHP/Mesh/DragonSoulEaterMesh.fbx
  artifactKey: Guid(063e65bf9ea59ea44bb459f4b7490fd3) Importer(815301076,1909f56bfc062723c751e8b465ee728b)
Start importing Assets/FourEvilDragonsHP/Mesh/DragonSoulEaterMesh.fbx using Guid(063e65bf9ea59ea44bb459f4b7490fd3) Importer(815301076,1909f56bfc062723c751e8b465ee728b)  -> (artifact id: '58b31cdf6a32577cdf81ee6fef56f41b') in 0.016351 seconds
  Import took 0.018431 seconds .

========================================================================
Received Import Request.
  Time since last request: 0.000263 seconds.
  path: Assets/FourEvilDragonsHP/Mesh/DragonTerrorBringerMesh.fbx
  artifactKey: Guid(3fa06637f7751b44b8e63a9964b181a6) Importer(815301076,1909f56bfc062723c751e8b465ee728b)
Start importing Assets/FourEvilDragonsHP/Mesh/DragonTerrorBringerMesh.fbx using Guid(3fa06637f7751b44b8e63a9964b181a6) Importer(815301076,1909f56bfc062723c751e8b465ee728b)  -> (artifact id: 'd36168682a7932e6a88e0bc2ad97f804') in 0.022937 seconds
  Import took 0.025178 seconds .

========================================================================
Received Import Request.
  Time since last request: 44.421674 seconds.
  path: Assets/FourEvilDragonsHP/Animations/DragonUsurper/takeOff.fbx
  artifactKey: Guid(8d407c572ffcdd64a8093245d978392e) Importer(815301076,1909f56bfc062723c751e8b465ee728b)
Start importing Assets/FourEvilDragonsHP/Animations/DragonUsurper/takeOff.fbx using Guid(8d407c572ffcdd64a8093245d978392e) Importer(815301076,1909f56bfc062723c751e8b465ee728b)  -> (artifact id: '921da4281ebf06c23b65b65c38c35e04') in 0.029860 seconds
  Import took 0.032427 seconds .

========================================================================
Received Import Request.
  Time since last request: 0.000254 seconds.
  path: Assets/FourEvilDragonsHP/Animations/DragonUsurper/attackFlame.fbx
  artifactKey: Guid(f3c4af16992f14c43a050675b9be2f68) Importer(815301076,1909f56bfc062723c751e8b465ee728b)
Start importing Assets/FourEvilDragonsHP/Animations/DragonUsurper/attackFlame.fbx using Guid(f3c4af16992f14c43a050675b9be2f68) Importer(815301076,1909f56bfc062723c751e8b465ee728b)  -> (artifact id: '22c1559b8f33c9127a6d5322837ad84d') in 0.028515 seconds
  Import took 0.030797 seconds .

========================================================================
Received Import Request.
  Time since last request: 0.000162 seconds.
  path: Assets/FourEvilDragonsHP/Animations/DragonTerrorBringer/sleep.fbx
  artifactKey: Guid(d1f47f7ac86a75840bfb342ed7ca65d0) Importer(815301076,1909f56bfc062723c751e8b465ee728b)
Start importing Assets/FourEvilDragonsHP/Animations/DragonTerrorBringer/sleep.fbx using Guid(d1f47f7ac86a75840bfb342ed7ca65d0) Importer(815301076,1909f56bfc062723c751e8b465ee728b)  -> (artifact id: 'e2cff86411b995c83c8b9f1daacb02ff') in 0.027205 seconds
  Import took 0.029212 seconds .

========================================================================
Received Import Request.
  Time since last request: 0.000171 seconds.
  path: Assets/FourEvilDragonsHP/Animations/DragonTerrorBringer/TakeOff.fbx
  artifactKey: Guid(2881cf760574bd24280f47207b567e43) Importer(815301076,1909f56bfc062723c751e8b465ee728b)
Start importing Assets/FourEvilDragonsHP/Animations/DragonTerrorBringer/TakeOff.fbx using Guid(2881cf760574bd24280f47207b567e43) Importer(815301076,1909f56bfc062723c751e8b465ee728b)  -> (artifact id: '9fc2764d026917f5d5f0741740e97e9d') in 0.027955 seconds
  Import took 0.030243 seconds .

========================================================================
Received Import Request.
  Time since last request: 0.000205 seconds.
  path: Assets/FourEvilDragonsHP/Animations/DragonUsurper/idle02.fbx
  artifactKey: Guid(df5d29c6a8c8f1c4caef2b4c1d0b073a) Importer(815301076,1909f56bfc062723c751e8b465ee728b)
Start importing Assets/FourEvilDragonsHP/Animations/DragonUsurper/idle02.fbx using Guid(df5d29c6a8c8f1c4caef2b4c1d0b073a) Importer(815301076,1909f56bfc062723c751e8b465ee728b)  -> (artifact id: 'd103297a341d1cb490968cf1ce6ba829') in 0.030634 seconds
  Import took 0.033331 seconds .

========================================================================
Received Import Request.
  Time since last request: 0.000207 seconds.
  path: Assets/FourEvilDragonsHP/Animations/DragonUsurper/takeOff.fbx
  artifactKey: Guid(8d407c572ffcdd64a8093245d978392e) Importer(815301076,1909f56bfc062723c751e8b465ee728b)
Start importing Assets/FourEvilDragonsHP/Animations/DragonUsurper/takeOff.fbx using Guid(8d407c572ffcdd64a8093245d978392e) Importer(815301076,1909f56bfc062723c751e8b465ee728b)  -> (artifact id: '921da4281ebf06c23b65b65c38c35e04') in 0.029185 seconds
  Import took 0.031602 seconds .

========================================================================
Received Import Request.
  Time since last request: 0.000166 seconds.
  path: Assets/FourEvilDragonsHP/Animations/DragonUsurper/idle02.fbx
  artifactKey: Guid(df5d29c6a8c8f1c4caef2b4c1d0b073a) Importer(815301076,1909f56bfc062723c751e8b465ee728b)
Start importing Assets/FourEvilDragonsHP/Animations/DragonUsurper/idle02.fbx using Guid(df5d29c6a8c8f1c4caef2b4c1d0b073a) Importer(815301076,1909f56bfc062723c751e8b465ee728b)  -> (artifact id: 'd103297a341d1cb490968cf1ce6ba829') in 0.028071 seconds
  Import took 0.030409 seconds .

========================================================================
Received Import Request.
  Time since last request: 0.000257 seconds.
  path: Assets/FourEvilDragonsHP/Animations/DragonUsurper/attackHand.fbx
  artifactKey: Guid(1420a40f7b2cd1341944b103718427f4) Importer(815301076,1909f56bfc062723c751e8b465ee728b)
Start importing Assets/FourEvilDragonsHP/Animations/DragonUsurper/attackHand.fbx using Guid(1420a40f7b2cd1341944b103718427f4) Importer(815301076,1909f56bfc062723c751e8b465ee728b)  -> (artifact id: 'a3d8145da9eb5cee5aa7122474a25e38') in 0.031852 seconds
  Import took 0.034674 seconds .

========================================================================
Received Import Request.
  Time since last request: 0.000207 seconds.
  path: Assets/FourEvilDragonsHP/Animations/DragonTerrorBringer/walk.fbx
  artifactKey: Guid(ac9b8cd5f91eeef44a25fce0f31885c1) Importer(815301076,1909f56bfc062723c751e8b465ee728b)
Start importing Assets/FourEvilDragonsHP/Animations/DragonTerrorBringer/walk.fbx using Guid(ac9b8cd5f91eeef44a25fce0f31885c1) Importer(815301076,1909f56bfc062723c751e8b465ee728b)  -> (artifact id: 'b5a9a6e908db5520b77b40981d58fcde') in 0.028268 seconds
  Import took 0.030531 seconds .

========================================================================
Received Import Request.
  Time since last request: 0.000170 seconds.
  path: Assets/FourEvilDragonsHP/Animations/DragonUsurper/attackHand.fbx
  artifactKey: Guid(1420a40f7b2cd1341944b103718427f4) Importer(815301076,1909f56bfc062723c751e8b465ee728b)
Start importing Assets/FourEvilDragonsHP/Animations/DragonUsurper/attackHand.fbx using Guid(1420a40f7b2cd1341944b103718427f4) Importer(815301076,1909f56bfc062723c751e8b465ee728b)  -> (artifact id: 'a3d8145da9eb5cee5aa7122474a25e38') in 0.028578 seconds
  Import took 0.030961 seconds .

========================================================================
Received Import Request.
  Time since last request: 1.139900 seconds.
  path: Assets/FourEvilDragonsHP/Animations/DragonTerrorBringer/AttackWingClaw.fbx
  artifactKey: Guid(dbbf408e4d195cf41bc2f3c7589b1c89) Importer(815301076,1909f56bfc062723c751e8b465ee728b)
Start importing Assets/FourEvilDragonsHP/Animations/DragonTerrorBringer/AttackWingClaw.fbx using Guid(dbbf408e4d195cf41bc2f3c7589b1c89) Importer(815301076,1909f56bfc062723c751e8b465ee728b)  -> (artifact id: 'd02fbf4c321b45d9c72caaca610c4f41') in 0.024862 seconds
  Import took 0.027089 seconds .

========================================================================
Received Import Request.
  Time since last request: 0.000175 seconds.
  path: Assets/FourEvilDragonsHP/Animations/DragonTerrorBringer/Basic Attack.fbx
  artifactKey: Guid(601b9e9a8720f834fb218a15d9f3ae63) Importer(815301076,1909f56bfc062723c751e8b465ee728b)
Start importing Assets/FourEvilDragonsHP/Animations/DragonTerrorBringer/Basic Attack.fbx using Guid(601b9e9a8720f834fb218a15d9f3ae63) Importer(815301076,1909f56bfc062723c751e8b465ee728b)  -> (artifact id: '0b97b65ab645a8ce2c28812646c642f2') in 0.022100 seconds
  Import took 0.024232 seconds .

========================================================================
Received Import Request.
  Time since last request: 0.000187 seconds.
  path: Assets/FourEvilDragonsHP/Animations/DragonTerrorBringer/AttackWingClaw.fbx
  artifactKey: Guid(dbbf408e4d195cf41bc2f3c7589b1c89) Importer(815301076,1909f56bfc062723c751e8b465ee728b)
Start importing Assets/FourEvilDragonsHP/Animations/DragonTerrorBringer/AttackWingClaw.fbx using Guid(dbbf408e4d195cf41bc2f3c7589b1c89) Importer(815301076,1909f56bfc062723c751e8b465ee728b)  -> (artifact id: 'd02fbf4c321b45d9c72caaca610c4f41') in 0.021619 seconds
  Import took 0.024182 seconds .

========================================================================
Received Import Request.
  Time since last request: 0.000178 seconds.
  path: Assets/FourEvilDragonsHP/Animations/DragonTerrorBringer/Defend.fbx
  artifactKey: Guid(44efacea9a9a1394c9a977bd6dd3972c) Importer(815301076,1909f56bfc062723c751e8b465ee728b)
Start importing Assets/FourEvilDragonsHP/Animations/DragonTerrorBringer/Defend.fbx using Guid(44efacea9a9a1394c9a977bd6dd3972c) Importer(815301076,1909f56bfc062723c751e8b465ee728b)  -> (artifact id: '8ee14cd16b84de590a8e1a2c8b692324') in 0.022187 seconds
  Import took 0.024498 seconds .

========================================================================
Received Import Request.
  Time since last request: 0.000177 seconds.
  path: Assets/FourEvilDragonsHP/Animations/DragonTerrorBringer/die.fbx
  artifactKey: Guid(49d0a594e1ca9d54ca3e17fb24d28f5c) Importer(815301076,1909f56bfc062723c751e8b465ee728b)
Start importing Assets/FourEvilDragonsHP/Animations/DragonTerrorBringer/die.fbx using Guid(49d0a594e1ca9d54ca3e17fb24d28f5c) Importer(815301076,1909f56bfc062723c751e8b465ee728b)  -> (artifact id: 'cead87bb7c9b135fd163407da8319bfb') in 0.024944 seconds
  Import took 0.026976 seconds .

========================================================================
Received Import Request.
  Time since last request: 0.000172 seconds.
  path: Assets/FourEvilDragonsHP/Animations/DragonTerrorBringer/Basic Attack.fbx
  artifactKey: Guid(601b9e9a8720f834fb218a15d9f3ae63) Importer(815301076,1909f56bfc062723c751e8b465ee728b)
Start importing Assets/FourEvilDragonsHP/Animations/DragonTerrorBringer/Basic Attack.fbx using Guid(601b9e9a8720f834fb218a15d9f3ae63) Importer(815301076,1909f56bfc062723c751e8b465ee728b)  -> (artifact id: '0b97b65ab645a8ce2c28812646c642f2') in 0.022579 seconds
  Import took 0.025146 seconds .

========================================================================
Received Import Request.
  Time since last request: 0.180249 seconds.
  path: Assets/FourEvilDragonsHP/Animations/DragonTerrorBringer/Flame Attack.fbx
  artifactKey: Guid(b39c8cd2e979bd0458d96f045c9e4464) Importer(815301076,1909f56bfc062723c751e8b465ee728b)
Start importing Assets/FourEvilDragonsHP/Animations/DragonTerrorBringer/Flame Attack.fbx using Guid(b39c8cd2e979bd0458d96f045c9e4464) Importer(815301076,1909f56bfc062723c751e8b465ee728b)  -> (artifact id: '10d0d0eea6944b896ef34ddc53fe0c93') in 0.023196 seconds
  Import took 0.025323 seconds .

========================================================================
Received Import Request.
  Time since last request: 0.000160 seconds.
  path: Assets/FourEvilDragonsHP/Animations/DragonTerrorBringer/FlyForward.fbx
  artifactKey: Guid(d1facc13bc40c14408f2106cf788a7fd) Importer(815301076,1909f56bfc062723c751e8b465ee728b)
Start importing Assets/FourEvilDragonsHP/Animations/DragonTerrorBringer/FlyForward.fbx using Guid(d1facc13bc40c14408f2106cf788a7fd) Importer(815301076,1909f56bfc062723c751e8b465ee728b)  -> (artifact id: 'e0454be60412012b1028d027ba7e59d7') in 0.020522 seconds
  Import took 0.022656 seconds .

========================================================================
Received Import Request.
  Time since last request: 0.983370 seconds.
  path: Assets/FourEvilDragonsHP/Animations/DragonUsurper/Scream.fbx
  artifactKey: Guid(497f35860988216419561f5b7835a430) Importer(815301076,1909f56bfc062723c751e8b465ee728b)
Start importing Assets/FourEvilDragonsHP/Animations/DragonUsurper/Scream.fbx using Guid(497f35860988216419561f5b7835a430) Importer(815301076,1909f56bfc062723c751e8b465ee728b)  -> (artifact id: '8ead16952cbc9e603e8931fe30f8334c') in 0.026943 seconds
  Import took 0.029434 seconds .

========================================================================
Received Import Request.
  Time since last request: 0.000161 seconds.
  path: Assets/FourEvilDragonsHP/Animations/DragonUsurper/Sleep.fbx
  artifactKey: Guid(1cdc51d0424856e438d5215d61193412) Importer(815301076,1909f56bfc062723c751e8b465ee728b)
Start importing Assets/FourEvilDragonsHP/Animations/DragonUsurper/Sleep.fbx using Guid(1cdc51d0424856e438d5215d61193412) Importer(815301076,1909f56bfc062723c751e8b465ee728b)  -> (artifact id: 'f0da4fcd113189c3c02e1ec92eefb413') in 0.028465 seconds
  Import took 0.030583 seconds .

========================================================================
Received Import Request.
  Time since last request: 0.002303 seconds.
  path: Assets/FourEvilDragonsHP/Animations/DragonUsurper/Land.fbx
  artifactKey: Guid(16d67d90d0f2e3f4995c3c82004acb92) Importer(815301076,1909f56bfc062723c751e8b465ee728b)
Start importing Assets/FourEvilDragonsHP/Animations/DragonUsurper/Land.fbx using Guid(16d67d90d0f2e3f4995c3c82004acb92) Importer(815301076,1909f56bfc062723c751e8b465ee728b)  -> (artifact id: 'a84f962b1fcf5077f493940f9df25a2c') in 0.025543 seconds
  Import took 0.028030 seconds .

========================================================================
Received Import Request.
  Time since last request: 0.000196 seconds.
  path: Assets/FourEvilDragonsHP/Animations/DragonUsurper/Run.fbx
  artifactKey: Guid(239b8825753a9e04ab2528df8f251b8b) Importer(815301076,1909f56bfc062723c751e8b465ee728b)
Start importing Assets/FourEvilDragonsHP/Animations/DragonUsurper/Run.fbx using Guid(239b8825753a9e04ab2528df8f251b8b) Importer(815301076,1909f56bfc062723c751e8b465ee728b)  -> (artifact id: '38ef33134c54d047e2110f496506c4c9') in 0.030127 seconds
  Import took 0.032256 seconds .

========================================================================
Received Import Request.
  Time since last request: 0.180691 seconds.
  path: Assets/FourEvilDragonsHP/Animations/DragonUsurper/idle01.fbx
  artifactKey: Guid(f862cf09513abb14cbba0e94da9a410f) Importer(815301076,1909f56bfc062723c751e8b465ee728b)
Start importing Assets/FourEvilDragonsHP/Animations/DragonUsurper/idle01.fbx using Guid(f862cf09513abb14cbba0e94da9a410f) Importer(815301076,1909f56bfc062723c751e8b465ee728b)  -> (artifact id: '9f9b37bf5eff71561f01b0cccc9b2bba') in 0.022101 seconds
  Import took 0.024422 seconds .

========================================================================
Received Import Request.
  Time since last request: 0.000213 seconds.
  path: Assets/FourEvilDragonsHP/Animations/DragonUsurper/Walk.fbx
  artifactKey: Guid(9f159f6b3339be1409c27761d89f18bd) Importer(815301076,1909f56bfc062723c751e8b465ee728b)
Start importing Assets/FourEvilDragonsHP/Animations/DragonUsurper/Walk.fbx using Guid(9f159f6b3339be1409c27761d89f18bd) Importer(815301076,1909f56bfc062723c751e8b465ee728b)  -> (artifact id: 'a80995e74804238621c8ab522e77c500') in 0.025488 seconds
  Import took 0.027919 seconds .

========================================================================
Received Import Request.
  Time since last request: 0.023422 seconds.
  path: Assets/FourEvilDragonsHP/Animations/DragonUsurper/getHit.fbx
  artifactKey: Guid(1f674d87cae509644a306408e4fecfc1) Importer(815301076,1909f56bfc062723c751e8b465ee728b)
Start importing Assets/FourEvilDragonsHP/Animations/DragonUsurper/getHit.fbx using Guid(1f674d87cae509644a306408e4fecfc1) Importer(815301076,1909f56bfc062723c751e8b465ee728b)  -> (artifact id: '9d050a87bbbb60641b6480348b0377c5') in 0.022370 seconds
  Import took 0.024757 seconds .

========================================================================
Received Import Request.
  Time since last request: 0.000167 seconds.
  path: Assets/FourEvilDragonsHP/Animations/DragonUsurper/Die.fbx
  artifactKey: Guid(347d2e064d3a3f946b17655dcc998386) Importer(815301076,1909f56bfc062723c751e8b465ee728b)
Start importing Assets/FourEvilDragonsHP/Animations/DragonUsurper/Die.fbx using Guid(347d2e064d3a3f946b17655dcc998386) Importer(815301076,1909f56bfc062723c751e8b465ee728b)  -> (artifact id: '604d7efe9e09ab93c1fa36a2b0a12d79') in 0.032240 seconds
  Import took 0.034464 seconds .

========================================================================
Received Import Request.
  Time since last request: 0.312302 seconds.
  path: Assets/FourEvilDragonsHP/Animations/DragonUsurper/Defend.fbx
  artifactKey: Guid(0cbecf51da098bb49a79d74e183a1695) Importer(815301076,1909f56bfc062723c751e8b465ee728b)
Start importing Assets/FourEvilDragonsHP/Animations/DragonUsurper/Defend.fbx using Guid(0cbecf51da098bb49a79d74e183a1695) Importer(815301076,1909f56bfc062723c751e8b465ee728b)  -> (artifact id: '428db57c8c38307b55d836cea491bf48') in 0.025827 seconds
  Import took 0.028378 seconds .

========================================================================
Received Import Request.
  Time since last request: 0.000171 seconds.
  path: Assets/FourEvilDragonsHP/Animations/DragonUsurper/attackMouth.fbx
  artifactKey: Guid(9ad2ad510a1fd694392849b8dce337e3) Importer(815301076,1909f56bfc062723c751e8b465ee728b)
Start importing Assets/FourEvilDragonsHP/Animations/DragonUsurper/attackMouth.fbx using Guid(9ad2ad510a1fd694392849b8dce337e3) Importer(815301076,1909f56bfc062723c751e8b465ee728b)  -> (artifact id: '5343cb665f9f68fb963dbc4d23ca9072') in 0.025747 seconds
  Import took 0.028144 seconds .

========================================================================
Received Import Request.
  Time since last request: 0.001806 seconds.
  path: Assets/FourEvilDragonsHP/Animations/DragonUsurper/attackMouth.fbx
  artifactKey: Guid(9ad2ad510a1fd694392849b8dce337e3) Importer(815301076,1909f56bfc062723c751e8b465ee728b)
Start importing Assets/FourEvilDragonsHP/Animations/DragonUsurper/attackMouth.fbx using Guid(9ad2ad510a1fd694392849b8dce337e3) Importer(815301076,1909f56bfc062723c751e8b465ee728b)  -> (artifact id: '5343cb665f9f68fb963dbc4d23ca9072') in 0.024190 seconds
  Import took 0.027014 seconds .

========================================================================
Received Import Request.
  Time since last request: 0.000167 seconds.
  path: Assets/FourEvilDragonsHP/Animations/DragonUsurper/FlyFlame.fbx
  artifactKey: Guid(5d9e1f89045bd0946b0908d6f9d29050) Importer(815301076,1909f56bfc062723c751e8b465ee728b)
Start importing Assets/FourEvilDragonsHP/Animations/DragonUsurper/FlyFlame.fbx using Guid(5d9e1f89045bd0946b0908d6f9d29050) Importer(815301076,1909f56bfc062723c751e8b465ee728b)  -> (artifact id: '6808c99678fbadb6ed32dbdd68a2ba14') in 0.030443 seconds
  Import took 0.033175 seconds .

========================================================================
Received Import Request.
  Time since last request: 0.000173 seconds.
  path: Assets/FourEvilDragonsHP/Animations/DragonUsurper/FlyIdle.fbx
  artifactKey: Guid(7508a417409ed134ea8cac8e87247637) Importer(815301076,1909f56bfc062723c751e8b465ee728b)
Start importing Assets/FourEvilDragonsHP/Animations/DragonUsurper/FlyIdle.fbx using Guid(7508a417409ed134ea8cac8e87247637) Importer(815301076,1909f56bfc062723c751e8b465ee728b)  -> (artifact id: '1cb6588b9ced46b1e3d0612ad7178831') in 0.027994 seconds
  Import took 0.030169 seconds .

========================================================================
Received Import Request.
  Time since last request: 0.000160 seconds.
  path: Assets/FourEvilDragonsHP/Animations/DragonUsurper/FlyForward.fbx
  artifactKey: Guid(3ab266bf94f3a1a4bb030eb1b90b8600) Importer(815301076,1909f56bfc062723c751e8b465ee728b)
Start importing Assets/FourEvilDragonsHP/Animations/DragonUsurper/FlyForward.fbx using Guid(3ab266bf94f3a1a4bb030eb1b90b8600) Importer(815301076,1909f56bfc062723c751e8b465ee728b)  -> (artifact id: 'da0211148ec2556eb1f2702ce6266b92') in 0.029029 seconds
  Import took 0.031449 seconds .

========================================================================
Received Import Request.
  Time since last request: 0.000169 seconds.
  path: Assets/FourEvilDragonsHP/Animations/DragonUsurper/FlyGlide.fbx
  artifactKey: Guid(14d524dd6d57c094da8d73fee5077c6d) Importer(815301076,1909f56bfc062723c751e8b465ee728b)
Start importing Assets/FourEvilDragonsHP/Animations/DragonUsurper/FlyGlide.fbx using Guid(14d524dd6d57c094da8d73fee5077c6d) Importer(815301076,1909f56bfc062723c751e8b465ee728b)  -> (artifact id: 'ea8efc34e23329812d887e539e3bdb8d') in 0.025412 seconds
  Import took 0.027900 seconds .

========================================================================
Received Import Request.
  Time since last request: 3.632588 seconds.
  path: Assets/FourEvilDragonsHP/Animations/DragonTerrorBringer/FlyGlide.fbx
  artifactKey: Guid(29b94464c227dad4997918129dad480c) Importer(815301076,1909f56bfc062723c751e8b465ee728b)
Start importing Assets/FourEvilDragonsHP/Animations/DragonTerrorBringer/FlyGlide.fbx using Guid(29b94464c227dad4997918129dad480c) Importer(815301076,1909f56bfc062723c751e8b465ee728b)  -> (artifact id: '903fe77ebd99f361d81a17a50455235c') in 0.022617 seconds
  Import took 0.024816 seconds .

========================================================================
Received Import Request.
  Time since last request: 0.000184 seconds.
  path: Assets/FourEvilDragonsHP/Animations/DragonTerrorBringer/Landing.fbx
  artifactKey: Guid(f728a9645c91629469fdc1e9a452ddea) Importer(815301076,1909f56bfc062723c751e8b465ee728b)
Start importing Assets/FourEvilDragonsHP/Animations/DragonTerrorBringer/Landing.fbx using Guid(f728a9645c91629469fdc1e9a452ddea) Importer(815301076,1909f56bfc062723c751e8b465ee728b)  -> (artifact id: '18f9003296400ae6428003a491c13843') in 0.027310 seconds
  Import took 0.030118 seconds .

========================================================================
Received Import Request.
  Time since last request: 0.000181 seconds.
  path: Assets/FourEvilDragonsHP/Animations/DragonTerrorBringer/Run.fbx
  artifactKey: Guid(9700edab3a23d7d408e78a7cb99cf41d) Importer(815301076,1909f56bfc062723c751e8b465ee728b)
Start importing Assets/FourEvilDragonsHP/Animations/DragonTerrorBringer/Run.fbx using Guid(9700edab3a23d7d408e78a7cb99cf41d) Importer(815301076,1909f56bfc062723c751e8b465ee728b)  -> (artifact id: '50c3551590da8ac7f3efe989f32e3ecf') in 0.042211 seconds
  Import took 0.044487 seconds .

========================================================================
Received Import Request.
  Time since last request: 0.000177 seconds.
  path: Assets/FourEvilDragonsHP/Animations/DragonSoulEater/Basic Attack.fbx
  artifactKey: Guid(5d9efb65c776b714fb5123711f07de0c) Importer(815301076,1909f56bfc062723c751e8b465ee728b)
Start importing Assets/FourEvilDragonsHP/Animations/DragonSoulEater/Basic Attack.fbx using Guid(5d9efb65c776b714fb5123711f07de0c) Importer(815301076,1909f56bfc062723c751e8b465ee728b)  -> (artifact id: 'c52be5eff459fabc4017e8af0bb56dbc') in 0.027319 seconds
  Import took 0.029583 seconds .

========================================================================
Received Import Request.
  Time since last request: 0.000256 seconds.
  path: Assets/FourEvilDragonsHP/Animations/DragonSoulEater/Idle.fbx
  artifactKey: Guid(53822ae0b4a40a24b97e0cf0388e4248) Importer(815301076,1909f56bfc062723c751e8b465ee728b)
Start importing Assets/FourEvilDragonsHP/Animations/DragonSoulEater/Idle.fbx using Guid(53822ae0b4a40a24b97e0cf0388e4248) Importer(815301076,1909f56bfc062723c751e8b465ee728b)  -> (artifact id: 'b548475c6adaae1c1bdbd248c7386df4') in 0.027001 seconds
  Import took 0.029168 seconds .

========================================================================
Received Import Request.
  Time since last request: 0.000181 seconds.
  path: Assets/FourEvilDragonsHP/Animations/DragonSoulEater/Fly Forward.fbx
  artifactKey: Guid(5fa09084d33ac9046a4a22372e78213e) Importer(815301076,1909f56bfc062723c751e8b465ee728b)
Start importing Assets/FourEvilDragonsHP/Animations/DragonSoulEater/Fly Forward.fbx using Guid(5fa09084d33ac9046a4a22372e78213e) Importer(815301076,1909f56bfc062723c751e8b465ee728b)  -> (artifact id: '2c4f0ecfe1612cf5ce7b073b1f7a24b5') in 0.021552 seconds
  Import took 0.023589 seconds .

========================================================================
Received Import Request.
  Time since last request: 0.000171 seconds.
  path: Assets/FourEvilDragonsHP/Animations/DragonSoulEater/Sleeping.fbx
  artifactKey: Guid(0b0985d8d75993d4ba1c094379da358c) Importer(815301076,1909f56bfc062723c751e8b465ee728b)
Start importing Assets/FourEvilDragonsHP/Animations/DragonSoulEater/Sleeping.fbx using Guid(0b0985d8d75993d4ba1c094379da358c) Importer(815301076,1909f56bfc062723c751e8b465ee728b)  -> (artifact id: '086b3768278e50a40af215063d83076a') in 0.020283 seconds
  Import took 0.022463 seconds .

========================================================================
Received Import Request.
  Time since last request: 0.000220 seconds.
  path: Assets/FourEvilDragonsHP/Animations/DragonSoulEater/Fly Float.fbx
  artifactKey: Guid(e02bdaca3b0c3284ab993c4eba862036) Importer(815301076,1909f56bfc062723c751e8b465ee728b)
Start importing Assets/FourEvilDragonsHP/Animations/DragonSoulEater/Fly Float.fbx using Guid(e02bdaca3b0c3284ab993c4eba862036) Importer(815301076,1909f56bfc062723c751e8b465ee728b)  -> (artifact id: 'db842413c43d59e7dc120c32710012c1') in 0.022213 seconds
  Import took 0.024319 seconds .

========================================================================
Received Import Request.
  Time since last request: 0.000183 seconds.
  path: Assets/FourEvilDragonsHP/Animations/DragonSoulEater/Get Hit.fbx
  artifactKey: Guid(34cbf41484d0da24e9a24545c9d5a332) Importer(815301076,1909f56bfc062723c751e8b465ee728b)
Start importing Assets/FourEvilDragonsHP/Animations/DragonSoulEater/Get Hit.fbx using Guid(34cbf41484d0da24e9a24545c9d5a332) Importer(815301076,1909f56bfc062723c751e8b465ee728b)  -> (artifact id: '9e7b1d20cf52991f6182fd470c2b0c22') in 0.020545 seconds
  Import took 0.022675 seconds .

========================================================================
Received Import Request.
  Time since last request: 0.000204 seconds.
  path: Assets/FourEvilDragonsHP/Animations/DragonSoulEater/Fly Glide.fbx
  artifactKey: Guid(28a39de94def6c84ca4b447fa78a3a66) Importer(815301076,1909f56bfc062723c751e8b465ee728b)
Start importing Assets/FourEvilDragonsHP/Animations/DragonSoulEater/Fly Glide.fbx using Guid(28a39de94def6c84ca4b447fa78a3a66) Importer(815301076,1909f56bfc062723c751e8b465ee728b)  -> (artifact id: '97bb06e69bdd1cf960285982582c0ec9') in 0.020058 seconds
  Import took 0.022827 seconds .

========================================================================
Received Import Request.
  Time since last request: 0.000187 seconds.
  path: Assets/FourEvilDragonsHP/Animations/DragonTerrorBringer/GetHit.fbx
  artifactKey: Guid(01f3cd440df370b4796840c93effc251) Importer(815301076,1909f56bfc062723c751e8b465ee728b)
Start importing Assets/FourEvilDragonsHP/Animations/DragonTerrorBringer/GetHit.fbx using Guid(01f3cd440df370b4796840c93effc251) Importer(815301076,1909f56bfc062723c751e8b465ee728b)  -> (artifact id: 'edb275570fd4a0f3f243090cd056f7c8') in 0.022967 seconds
  Import took 0.025896 seconds .

========================================================================
Received Import Request.
  Time since last request: 0.000193 seconds.
  path: Assets/FourEvilDragonsHP/Animations/DragonSoulEater/Scream.fbx
  artifactKey: Guid(8b0b248c4105fd841aad612f61769ae9) Importer(815301076,1909f56bfc062723c751e8b465ee728b)
Start importing Assets/FourEvilDragonsHP/Animations/DragonSoulEater/Scream.fbx using Guid(8b0b248c4105fd841aad612f61769ae9) Importer(815301076,1909f56bfc062723c751e8b465ee728b)  -> (artifact id: 'f548867b55d39b59ff5be9c002f9c6a7') in 0.021139 seconds
  Import took 0.023793 seconds .

========================================================================
Received Import Request.
  Time since last request: 0.000177 seconds.
  path: Assets/FourEvilDragonsHP/Animations/DragonSoulEater/Run.fbx
  artifactKey: Guid(93048e03d4dc597468fce555d02e9274) Importer(815301076,1909f56bfc062723c751e8b465ee728b)
Start importing Assets/FourEvilDragonsHP/Animations/DragonSoulEater/Run.fbx using Guid(93048e03d4dc597468fce555d02e9274) Importer(815301076,1909f56bfc062723c751e8b465ee728b)  -> (artifact id: '9dd85e95f1201231e038ce7f8c1da18f') in 0.020283 seconds
  Import took 0.022335 seconds .

========================================================================
Received Import Request.
  Time since last request: 0.000177 seconds.
  path: Assets/FourEvilDragonsHP/Animations/DragonSoulEater/Fireball Shoot.fbx
  artifactKey: Guid(6e4f9ef5485ccb04299f52ceae24d120) Importer(815301076,1909f56bfc062723c751e8b465ee728b)
Start importing Assets/FourEvilDragonsHP/Animations/DragonSoulEater/Fireball Shoot.fbx using Guid(6e4f9ef5485ccb04299f52ceae24d120) Importer(815301076,1909f56bfc062723c751e8b465ee728b)  -> (artifact id: '1d7fb10a14758661e7ceaa841f178ec8') in 0.020627 seconds
  Import took 0.022701 seconds .

========================================================================
Received Import Request.
  Time since last request: 0.000287 seconds.
  path: Assets/FourEvilDragonsHP/Animations/DragonSoulEater/Tail Attack.fbx
  artifactKey: Guid(1e32448c0eb5bdb45b3a576fb8011df0) Importer(815301076,1909f56bfc062723c751e8b465ee728b)
Start importing Assets/FourEvilDragonsHP/Animations/DragonSoulEater/Tail Attack.fbx using Guid(1e32448c0eb5bdb45b3a576fb8011df0) Importer(815301076,1909f56bfc062723c751e8b465ee728b)  -> (artifact id: 'ee2163fd2f84a5de6c2833c48a11da0b') in 0.020612 seconds
  Import took 0.022735 seconds .

========================================================================
Received Import Request.
  Time since last request: 0.000178 seconds.
  path: Assets/FourEvilDragonsHP/Animations/DragonTerrorBringer/idle01.fbx
  artifactKey: Guid(2f381863b81afe445bb3bbd18f1e90cc) Importer(815301076,1909f56bfc062723c751e8b465ee728b)
Start importing Assets/FourEvilDragonsHP/Animations/DragonTerrorBringer/idle01.fbx using Guid(2f381863b81afe445bb3bbd18f1e90cc) Importer(815301076,1909f56bfc062723c751e8b465ee728b)  -> (artifact id: '12505190889d281335d71f633324c13a') in 0.021025 seconds
  Import took 0.023142 seconds .

========================================================================
Received Import Request.
  Time since last request: 0.000165 seconds.
  path: Assets/FourEvilDragonsHP/Animations/DragonSoulEater/Land.fbx
  artifactKey: Guid(9b846aa063f67a34b80cef9a15befe38) Importer(815301076,1909f56bfc062723c751e8b465ee728b)
Start importing Assets/FourEvilDragonsHP/Animations/DragonSoulEater/Land.fbx using Guid(9b846aa063f67a34b80cef9a15befe38) Importer(815301076,1909f56bfc062723c751e8b465ee728b)  -> (artifact id: 'f92dc38817b3aed29781991db0510c9a') in 0.022950 seconds
  Import took 0.024946 seconds .

========================================================================
Received Import Request.
  Time since last request: 0.000177 seconds.
  path: Assets/FourEvilDragonsHP/Animations/DragonSoulEater/Die.fbx
  artifactKey: Guid(6f83b9d81f8c7854baeca6ff691bb0c1) Importer(815301076,1909f56bfc062723c751e8b465ee728b)
Start importing Assets/FourEvilDragonsHP/Animations/DragonSoulEater/Die.fbx using Guid(6f83b9d81f8c7854baeca6ff691bb0c1) Importer(815301076,1909f56bfc062723c751e8b465ee728b)  -> (artifact id: '092e1f36f640b07920272d0e78ee66b0') in 0.022728 seconds
  Import took 0.024776 seconds .

========================================================================
Received Import Request.
  Time since last request: 0.000182 seconds.
  path: Assets/FourEvilDragonsHP/Animations/DragonSoulEater/Defend.fbx
  artifactKey: Guid(e0b6d06a8887b3641a0608659230e121) Importer(815301076,1909f56bfc062723c751e8b465ee728b)
Start importing Assets/FourEvilDragonsHP/Animations/DragonSoulEater/Defend.fbx using Guid(e0b6d06a8887b3641a0608659230e121) Importer(815301076,1909f56bfc062723c751e8b465ee728b)  -> (artifact id: 'eb08de7d12bdf21d4eed2b6646edc75a') in 0.021391 seconds
  Import took 0.023543 seconds .

========================================================================
Received Import Request.
  Time since last request: 0.000171 seconds.
  path: Assets/FourEvilDragonsHP/Animations/DragonSoulEater/Fly Fireball Shoot.fbx
  artifactKey: Guid(37760f0079ba2124cb0198d37570b625) Importer(815301076,1909f56bfc062723c751e8b465ee728b)
Start importing Assets/FourEvilDragonsHP/Animations/DragonSoulEater/Fly Fireball Shoot.fbx using Guid(37760f0079ba2124cb0198d37570b625) Importer(815301076,1909f56bfc062723c751e8b465ee728b)  -> (artifact id: 'd07293c71fe214d34fd42e588693ca0a') in 0.022627 seconds
  Import took 0.024677 seconds .

========================================================================
Received Import Request.
  Time since last request: 0.000200 seconds.
  path: Assets/FourEvilDragonsHP/Animations/DragonSoulEater/Walk.fbx
  artifactKey: Guid(555c2f8b240202a4c8f3c3f412587e5a) Importer(815301076,1909f56bfc062723c751e8b465ee728b)
Start importing Assets/FourEvilDragonsHP/Animations/DragonSoulEater/Walk.fbx using Guid(555c2f8b240202a4c8f3c3f412587e5a) Importer(815301076,1909f56bfc062723c751e8b465ee728b)  -> (artifact id: '129c2d078457b1176ecc8c18e798b10a') in 0.019388 seconds
  Import took 0.021926 seconds .

========================================================================
Received Import Request.
  Time since last request: 0.000180 seconds.
  path: Assets/FourEvilDragonsHP/Animations/DragonTerrorBringer/FlyAttack.fbx
  artifactKey: Guid(215d9268815c12d4389d713b8b1f8b12) Importer(815301076,1909f56bfc062723c751e8b465ee728b)
Start importing Assets/FourEvilDragonsHP/Animations/DragonTerrorBringer/FlyAttack.fbx using Guid(215d9268815c12d4389d713b8b1f8b12) Importer(815301076,1909f56bfc062723c751e8b465ee728b)  -> (artifact id: 'e95bbdb8692034ef2572e9073d2ea294') in 0.022563 seconds
  Import took 0.024726 seconds .

========================================================================
Received Import Request.
  Time since last request: 0.000178 seconds.
  path: Assets/FourEvilDragonsHP/Animations/DragonTerrorBringer/scream.fbx
  artifactKey: Guid(221d076625b05194c872aaa907b8f0cd) Importer(815301076,1909f56bfc062723c751e8b465ee728b)
Start importing Assets/FourEvilDragonsHP/Animations/DragonTerrorBringer/scream.fbx using Guid(221d076625b05194c872aaa907b8f0cd) Importer(815301076,1909f56bfc062723c751e8b465ee728b)  -> (artifact id: '644445091763da87779e477ea4059e1d') in 0.021302 seconds
  Import took 0.023719 seconds .

========================================================================
Received Import Request.
  Time since last request: 0.000177 seconds.
  path: Assets/FourEvilDragonsHP/Animations/DragonTerrorBringer/idle02.fbx
  artifactKey: Guid(cbbe4ed6e6acf294e9df235ff6184874) Importer(815301076,1909f56bfc062723c751e8b465ee728b)
Start importing Assets/FourEvilDragonsHP/Animations/DragonTerrorBringer/idle02.fbx using Guid(cbbe4ed6e6acf294e9df235ff6184874) Importer(815301076,1909f56bfc062723c751e8b465ee728b)  -> (artifact id: 'c6149c716f4547d3b1442a4426d2e7ec') in 0.021947 seconds
  Import took 0.024009 seconds .

========================================================================
Received Import Request.
  Time since last request: 0.000175 seconds.
  path: Assets/FourEvilDragonsHP/Animations/DragonSoulEater/Take Off.fbx
  artifactKey: Guid(24717e004c7ffb84a901d2dfdcc426bf) Importer(815301076,1909f56bfc062723c751e8b465ee728b)
Start importing Assets/FourEvilDragonsHP/Animations/DragonSoulEater/Take Off.fbx using Guid(24717e004c7ffb84a901d2dfdcc426bf) Importer(815301076,1909f56bfc062723c751e8b465ee728b)  -> (artifact id: '5e8acc145e97b0f13e8b4ad5db5646ee') in 0.020969 seconds
  Import took 0.023343 seconds .

========================================================================
Received Import Request.
  Time since last request: 9.496548 seconds.
  path: Assets/unity-chan!/Unity-chan! Model/Art/Stage/Materials/unitychan_tile6.mat
  artifactKey: Guid(330274cf2c5de4464a4b4b243b59e371) Importer(815301076,1909f56bfc062723c751e8b465ee728b)
Start importing Assets/unity-chan!/Unity-chan! Model/Art/Stage/Materials/unitychan_tile6.mat using Guid(330274cf2c5de4464a4b4b243b59e371) Importer(815301076,1909f56bfc062723c751e8b465ee728b)  -> (artifact id: 'c83f41b00f57ffba756492778366a3d4') in 0.109836 seconds
  Import took 0.111827 seconds .

========================================================================
Received Import Request.
  Time since last request: 0.000170 seconds.
  path: Assets/unity-chan!/Unity-chan! Model/Art/Stage/Materials/unitychan_tile5.mat
  artifactKey: Guid(0fabbaa20a36d468a84e4925db02ecc5) Importer(815301076,1909f56bfc062723c751e8b465ee728b)
Start importing Assets/unity-chan!/Unity-chan! Model/Art/Stage/Materials/unitychan_tile5.mat using Guid(0fabbaa20a36d468a84e4925db02ecc5) Importer(815301076,1909f56bfc062723c751e8b465ee728b)  -> (artifact id: '475568314d63f79b0b7994a1b28aeef8') in 0.010387 seconds
  Import took 0.012460 seconds .

========================================================================
Received Import Request.
  Time since last request: 0.000171 seconds.
  path: Assets/unity-chan!/Unity-chan! Model/Art/Stage/Materials/unitychan_tile3.mat
  artifactKey: Guid(00343d49c7d05416cb4a5bddf12aa90d) Importer(815301076,1909f56bfc062723c751e8b465ee728b)
Start importing Assets/unity-chan!/Unity-chan! Model/Art/Stage/Materials/unitychan_tile3.mat using Guid(00343d49c7d05416cb4a5bddf12aa90d) Importer(815301076,1909f56bfc062723c751e8b465ee728b)  -> (artifact id: '24fb6b8bb5c16e86b3fef19f20ab23e5') in 0.011592 seconds
  Import took 0.013366 seconds .

========================================================================
Received Import Request.
  Time since last request: 0.000162 seconds.
  path: Assets/unity-chan!/Unity-chan! Model/Art/Stage/Materials/unitychan_tile4.mat
  artifactKey: Guid(0f2978993cddc449c99a4e1893ed3479) Importer(815301076,1909f56bfc062723c751e8b465ee728b)
Start importing Assets/unity-chan!/Unity-chan! Model/Art/Stage/Materials/unitychan_tile4.mat using Guid(0f2978993cddc449c99a4e1893ed3479) Importer(815301076,1909f56bfc062723c751e8b465ee728b)  -> (artifact id: '330d68788aa4c1700985048d1789d0a8') in 0.011876 seconds
  Import took 0.013659 seconds .

========================================================================
Received Import Request.
  Time since last request: 0.000169 seconds.
  path: Assets/FourEvilDragonsHP/Materials/Stage.mat
  artifactKey: Guid(34466cf7960487a4380913c62e795ebd) Importer(815301076,1909f56bfc062723c751e8b465ee728b)
Start importing Assets/FourEvilDragonsHP/Materials/Stage.mat using Guid(34466cf7960487a4380913c62e795ebd) Importer(815301076,1909f56bfc062723c751e8b465ee728b)  -> (artifact id: '191098c1fe58c4c68c143cdd0702cba1') in 0.009657 seconds
  Import took 0.011827 seconds .

========================================================================
Received Import Request.
  Time since last request: 0.203732 seconds.
  path: Assets/FourEvilDragonsHP/Materials/Skybox_Mat.mat
  artifactKey: Guid(48ce278709c9add4cb03de6de56e1f59) Importer(815301076,1909f56bfc062723c751e8b465ee728b)
Start importing Assets/FourEvilDragonsHP/Materials/Skybox_Mat.mat using Guid(48ce278709c9add4cb03de6de56e1f59) Importer(815301076,1909f56bfc062723c751e8b465ee728b)  -> (artifact id: 'a71ea3a894b91d5f44917a3142a66725') in 0.079680 seconds
  Import took 0.081597 seconds .

========================================================================
Received Import Request.
  Time since last request: 0.000164 seconds.
  path: Assets/FourEvilDragonsHP/Materials/DragonUsurper/RedHP.mat
  artifactKey: Guid(1131ac1e42ee4884ab91bd69310a2715) Importer(815301076,1909f56bfc062723c751e8b465ee728b)
Start importing Assets/FourEvilDragonsHP/Materials/DragonUsurper/RedHP.mat using Guid(1131ac1e42ee4884ab91bd69310a2715) Importer(815301076,1909f56bfc062723c751e8b465ee728b)  -> (artifact id: '1611c5a4f931e26a377a595e05c2adb6') in 0.026917 seconds
  Import took 0.028591 seconds .

========================================================================
Received Import Request.
  Time since last request: 0.000172 seconds.
  path: Assets/unity-chan!/Unity-chan! Model/Art/Materials/Right.mat
  artifactKey: Guid(88157e674d7d0314db76940c73b69405) Importer(815301076,1909f56bfc062723c751e8b465ee728b)
Start importing Assets/unity-chan!/Unity-chan! Model/Art/Materials/Right.mat using Guid(88157e674d7d0314db76940c73b69405) Importer(815301076,1909f56bfc062723c751e8b465ee728b)  -> (artifact id: '942b98e1d54e88562fb1ec8e54b09ec8') in 0.008428 seconds
  Import took 0.010454 seconds .

========================================================================
Received Import Request.
  Time since last request: 0.000239 seconds.
  path: Assets/unity-chan!/Unity-chan! Model/Art/Materials/skin1.mat
  artifactKey: Guid(ca131910d5c9a634dbdd38e77111033f) Importer(815301076,1909f56bfc062723c751e8b465ee728b)
Start importing Assets/unity-chan!/Unity-chan! Model/Art/Materials/skin1.mat using Guid(ca131910d5c9a634dbdd38e77111033f) Importer(815301076,1909f56bfc062723c751e8b465ee728b)  -> (artifact id: 'c6d0cb9f4ab69f9eabca26614184c1ff') in 0.009820 seconds
  Import took 0.011756 seconds .

========================================================================
Received Import Request.
  Time since last request: 0.000176 seconds.
  path: Assets/unity-chan!/Unity-chan! Model/Art/UnityChanShader/Materials/skin1.mat
  artifactKey: Guid(4b91d906c72fd4447bfabbdd767e31ad) Importer(815301076,1909f56bfc062723c751e8b465ee728b)
Start importing Assets/unity-chan!/Unity-chan! Model/Art/UnityChanShader/Materials/skin1.mat using Guid(4b91d906c72fd4447bfabbdd767e31ad) Importer(815301076,1909f56bfc062723c751e8b465ee728b)  -> (artifact id: '46f19b2d074f826627666dd2f43ff9e7') in 0.008875 seconds
  Import took 0.010729 seconds .

========================================================================
Received Import Request.
  Time since last request: 0.168017 seconds.
  path: Assets/FourEvilDragonsHP/Materials/DragonTerrorBringer/RedHP.mat
  artifactKey: Guid(3cf5d93e63ceca94da9ffb40a6ed68ed) Importer(815301076,1909f56bfc062723c751e8b465ee728b)
Start importing Assets/FourEvilDragonsHP/Materials/DragonTerrorBringer/RedHP.mat using Guid(3cf5d93e63ceca94da9ffb40a6ed68ed) Importer(815301076,1909f56bfc062723c751e8b465ee728b)  -> (artifact id: '4dfd6a1ed23cce8310a56d77ed53f9f3') in 0.013702 seconds
  Import took 0.015532 seconds .

========================================================================
Received Import Request.
  Time since last request: 0.000163 seconds.
  path: Assets/FourEvilDragonsHP/Materials/DragonSoulEater/RedHP.mat
  artifactKey: Guid(483bc84e9c06fb74a978565bf66ff42d) Importer(815301076,1909f56bfc062723c751e8b465ee728b)
Start importing Assets/FourEvilDragonsHP/Materials/DragonSoulEater/RedHP.mat using Guid(483bc84e9c06fb74a978565bf66ff42d) Importer(815301076,1909f56bfc062723c751e8b465ee728b)  -> (artifact id: 'bd85bfaa26545fe44e9dbc00b67dbe6b') in 0.020120 seconds
  Import took 0.022085 seconds .

========================================================================
Received Import Request.
  Time since last request: 0.029522 seconds.
  path: Assets/unity-chan!/Unity-chan! Model/Art/UnityChanShader/Materials/mat_cheek.mat
  artifactKey: Guid(4efe8cdcc7b554591bde513d7bde06d0) Importer(815301076,1909f56bfc062723c751e8b465ee728b)
Start importing Assets/unity-chan!/Unity-chan! Model/Art/UnityChanShader/Materials/mat_cheek.mat using Guid(4efe8cdcc7b554591bde513d7bde06d0) Importer(815301076,1909f56bfc062723c751e8b465ee728b)  -> (artifact id: '1627bc47de87f2390ed4ec40d035413c') in 0.008408 seconds
  Import took 0.010475 seconds .

========================================================================
Received Import Request.
  Time since last request: 0.000163 seconds.
  path: Assets/FourEvilDragonsHP/Materials/DragonTerrorBringer/PurpleHP.mat
  artifactKey: Guid(2cc3d51c3b46bec4a95b1cf2d2488afd) Importer(815301076,1909f56bfc062723c751e8b465ee728b)
Start importing Assets/FourEvilDragonsHP/Materials/DragonTerrorBringer/PurpleHP.mat using Guid(2cc3d51c3b46bec4a95b1cf2d2488afd) Importer(815301076,1909f56bfc062723c751e8b465ee728b)  -> (artifact id: '477123e121f85b70330f8a15ae432d60') in 0.018504 seconds
  Import took 0.020219 seconds .

========================================================================
Received Import Request.
  Time since last request: 0.000171 seconds.
  path: Assets/unity-chan!/Unity-chan! Model/Art/Materials/mat_cheek.mat
  artifactKey: Guid(5f9d44654b83160428d7c4cf276b3572) Importer(815301076,1909f56bfc062723c751e8b465ee728b)
Start importing Assets/unity-chan!/Unity-chan! Model/Art/Materials/mat_cheek.mat using Guid(5f9d44654b83160428d7c4cf276b3572) Importer(815301076,1909f56bfc062723c751e8b465ee728b)  -> (artifact id: 'e3e8f7f659445b068579b4973e58ced1') in 0.008152 seconds
  Import took 0.010145 seconds .

========================================================================
Received Import Request.
  Time since last request: 0.000163 seconds.
  path: Assets/FourEvilDragonsHP/Materials/DragonUsurper/PurpleHP.mat
  artifactKey: Guid(c6a1d1f1e0ac339489c17274f110669a) Importer(815301076,1909f56bfc062723c751e8b465ee728b)
Start importing Assets/FourEvilDragonsHP/Materials/DragonUsurper/PurpleHP.mat using Guid(c6a1d1f1e0ac339489c17274f110669a) Importer(815301076,1909f56bfc062723c751e8b465ee728b)  -> (artifact id: '560280da1ed292d2ff7c04e31a72da22') in 0.015298 seconds
  Import took 0.017249 seconds .

========================================================================
Received Import Request.
  Time since last request: 0.002850 seconds.
  path: Assets/FourEvilDragonsHP/Materials/DragonUsurper/PurpleHP.mat
  artifactKey: Guid(c6a1d1f1e0ac339489c17274f110669a) Importer(815301076,1909f56bfc062723c751e8b465ee728b)
Start importing Assets/FourEvilDragonsHP/Materials/DragonUsurper/PurpleHP.mat using Guid(c6a1d1f1e0ac339489c17274f110669a) Importer(815301076,1909f56bfc062723c751e8b465ee728b)  -> (artifact id: '560280da1ed292d2ff7c04e31a72da22') in 0.010241 seconds
  Import took 0.012323 seconds .

========================================================================
Received Import Request.
  Time since last request: 12.882302 seconds.
  path: Assets/unity-chan!/Unity-chan! Model/Art/Materials/Left.mat
  artifactKey: Guid(00cf17fb11d4e76448c2096f7ee6aa4f) Importer(815301076,1909f56bfc062723c751e8b465ee728b)
Start importing Assets/unity-chan!/Unity-chan! Model/Art/Materials/Left.mat using Guid(00cf17fb11d4e76448c2096f7ee6aa4f) Importer(815301076,1909f56bfc062723c751e8b465ee728b)  -> (artifact id: '8b46788cb9dd36676b9c1d8d4a728da8') in 0.006035 seconds
  Import took 0.007858 seconds .

========================================================================
Received Import Request.
  Time since last request: 0.544180 seconds.
  path: Assets/unity-chan!/Unity-chan! Model/Art/UnityChanShader/Materials/hair.mat
  artifactKey: Guid(0686b679809f14929a8d7f427cbb4da3) Importer(815301076,1909f56bfc062723c751e8b465ee728b)
Start importing Assets/unity-chan!/Unity-chan! Model/Art/UnityChanShader/Materials/hair.mat using Guid(0686b679809f14929a8d7f427cbb4da3) Importer(815301076,1909f56bfc062723c751e8b465ee728b)  -> (artifact id: 'c3625ff61f0701fa0f952c2f37b7602d') in 0.012833 seconds
  Import took 0.014712 seconds .

========================================================================
Received Import Request.
  Time since last request: 0.000161 seconds.
  path: Assets/unity-chan!/Unity-chan! Model/Art/Materials/hair.mat
  artifactKey: Guid(5ebb6caef8207d243a588a574971408c) Importer(815301076,1909f56bfc062723c751e8b465ee728b)
Start importing Assets/unity-chan!/Unity-chan! Model/Art/Materials/hair.mat using Guid(5ebb6caef8207d243a588a574971408c) Importer(815301076,1909f56bfc062723c751e8b465ee728b)  -> (artifact id: 'c9aca97a1d5b7b446ebc1c2d0b401eb7') in 0.008469 seconds
  Import took 0.010261 seconds .

========================================================================
Received Import Request.
  Time since last request: 74.143159 seconds.
  path: Assets/FourEvilDragonsHP/Animations/DragonSoulEater
  artifactKey: Guid(b808734d0de92764da94ef754997ba91) Importer(815301076,1909f56bfc062723c751e8b465ee728b)
Start importing Assets/FourEvilDragonsHP/Animations/DragonSoulEater using Guid(b808734d0de92764da94ef754997ba91) Importer(815301076,1909f56bfc062723c751e8b465ee728b)  -> (artifact id: '91007564e6ccdd7c953aff6948c53be7') in 0.001719 seconds
  Import took 0.003832 seconds .

========================================================================
Received Import Request.
  Time since last request: 2.843987 seconds.
  path: Assets/FourEvilDragonsHP/Animations/DragonTerrorBringer
  artifactKey: Guid(051d2d49ef2fb8a4ea41d718ec47235d) Importer(815301076,1909f56bfc062723c751e8b465ee728b)
Start importing Assets/FourEvilDragonsHP/Animations/DragonTerrorBringer using Guid(051d2d49ef2fb8a4ea41d718ec47235d) Importer(815301076,1909f56bfc062723c751e8b465ee728b)  -> (artifact id: '3811ffe6739260918e6f70a5e1838c0c') in 0.001847 seconds
  Import took 0.003965 seconds .

========================================================================
Received Import Request.
  Time since last request: 0.053021 seconds.
  path: Assets/FourEvilDragonsHP/Animations/DragonTerrorBringer/FlyIdle.fbx
  artifactKey: Guid(fe8f656bdccb4074683e623a09c9728e) Importer(815301076,1909f56bfc062723c751e8b465ee728b)
Start importing Assets/FourEvilDragonsHP/Animations/DragonTerrorBringer/FlyIdle.fbx using Guid(fe8f656bdccb4074683e623a09c9728e) Importer(815301076,1909f56bfc062723c751e8b465ee728b)  -> (artifact id: '30ac7135502d3533005939526ecaf65f') in 0.024295 seconds
  Import took 0.026467 seconds .

========================================================================
Received Import Request.
  Time since last request: 4.927542 seconds.
  path: Assets/FourEvilDragonsHP/Animations/DragonUsurper
  artifactKey: Guid(ddc44a3bdbfa28347a7d6699cc7c3cfc) Importer(815301076,1909f56bfc062723c751e8b465ee728b)
Start importing Assets/FourEvilDragonsHP/Animations/DragonUsurper using Guid(ddc44a3bdbfa28347a7d6699cc7c3cfc) Importer(815301076,1909f56bfc062723c751e8b465ee728b)  -> (artifact id: '1c4d507c6edb5b2d1b67d7804e384be0') in 0.001655 seconds
  Import took 0.003585 seconds .

========================================================================
Received Import Request.
  Time since last request: 4.434255 seconds.
  path: Assets/FourEvilDragonsHP/Animators
  artifactKey: Guid(5ad071ae1343c5b4ca58aad5c0ea1099) Importer(815301076,1909f56bfc062723c751e8b465ee728b)
Start importing Assets/FourEvilDragonsHP/Animators using Guid(5ad071ae1343c5b4ca58aad5c0ea1099) Importer(815301076,1909f56bfc062723c751e8b465ee728b)  -> (artifact id: '815c6c04db9d540724e1f48500de4516') in 0.001735 seconds
  Import took 0.003612 seconds .

========================================================================
Received Import Request.
  Time since last request: 2.140863 seconds.
  path: Assets/FourEvilDragonsHP/Animators/UsurperCTRL.controller
  artifactKey: Guid(5bd61d42e42f44b4a922495212e06f3f) Importer(815301076,1909f56bfc062723c751e8b465ee728b)
Start importing Assets/FourEvilDragonsHP/Animators/UsurperCTRL.controller using Guid(5bd61d42e42f44b4a922495212e06f3f) Importer(815301076,1909f56bfc062723c751e8b465ee728b)  -> (artifact id: '678528ed3231b59abf9b400b417efafb') in 0.026675 seconds
  Import took 0.030479 seconds .

========================================================================
Received Import Request.
  Time since last request: 3.792145 seconds.
  path: Assets/FourEvilDragonsHP/Animators/NightmareCTRL.controller
  artifactKey: Guid(08f6634017a8e784a8807f193b72bec9) Importer(815301076,1909f56bfc062723c751e8b465ee728b)
Start importing Assets/FourEvilDragonsHP/Animators/NightmareCTRL.controller using Guid(08f6634017a8e784a8807f193b72bec9) Importer(815301076,1909f56bfc062723c751e8b465ee728b)  -> (artifact id: '6cb2e88ee85fcaca532e3424964ae252') in 0.014422 seconds
  Import took 0.017307 seconds .

========================================================================
Received Prepare
Registering precompiled user dll's ...
Registered in 0.000625 seconds.
Begin MonoManager ReloadAssembly
Native extension for WindowsStandalone target not found
Native extension for OSXStandalone target not found
Native extension for WebGL target not found
Refreshing native plugins compatible for Editor in 0.25 ms, found 0 plugins.
Preloading 0 native plugins for Editor in 0.00 ms.
Invoked RoslynAnalysisRunner static constructor.
RoslynAnalysisRunner will not be running.
RoslynAnalysisRunner has terminated.
Mono: successfully reloaded assembly
- Completed reload, in  0.679 seconds
Platform modules already initialized, skipping
Refreshing native plugins compatible for Editor in 0.25 ms, found 0 plugins.
Preloading 0 native plugins for Editor in 0.00 ms.
Unloading 1123 Unused Serialized files (Serialized files now loaded: 0)
System memory in use before: 84.0 MB.
System memory in use after: 84.1 MB.

Unloading 6 unused Assets to reduce memory usage. Loaded Objects now: 1634.
Total: 1.345800 ms (FindLiveObjects: 0.129600 ms CreateObjectMapping: 0.032000 ms MarkObjects: 1.130800 ms  DeleteObjects: 0.052500 ms)

========================================================================
Received Import Request.
  Time since last request: 388.444972 seconds.
  path: Assets/Shougo/Script/PlayerController.cs
  artifactKey: Guid(eabbfdaba090d5e4d953b4afd2459a66) Importer(815301076,1909f56bfc062723c751e8b465ee728b)
Start importing Assets/Shougo/Script/PlayerController.cs using Guid(eabbfdaba090d5e4d953b4afd2459a66) Importer(815301076,1909f56bfc062723c751e8b465ee728b)  -> (artifact id: '4128bfb2892e5369f469a3ff769ba358') in 0.012982 seconds
  Import took 0.014897 seconds .

========================================================================
Received Import Request.
  Time since last request: 0.020421 seconds.
  path: Assets/Shougo/Script/PlayerController.cs
  artifactKey: Guid(eabbfdaba090d5e4d953b4afd2459a66) Importer(815301076,1909f56bfc062723c751e8b465ee728b)
Start importing Assets/Shougo/Script/PlayerController.cs using Guid(eabbfdaba090d5e4d953b4afd2459a66) Importer(815301076,1909f56bfc062723c751e8b465ee728b)  -> (artifact id: '4128bfb2892e5369f469a3ff769ba358') in 0.001482 seconds
  Import took 0.003203 seconds .

AssetImportWorkerClient::OnTransportError - code=2 error=End of file
